--------------------------------------------------------------------------------
Release 14.7 Trace  (lin64)
Copyright (c) 1995-2013 Xilinx, Inc.  All rights reserved.

/opt/Xilinx/14.7/ISE_DS/ISE/bin/lin64/unwrapped/trce -intstyle ise -v 3 -s 4 -n
3 -fastpaths -xml SumC.twx SumC.ncd -o SumC.twr SumC.pcf -ucf SumCp.ucf

Design file:              SumC.ncd
Physical constraint file: SumC.pcf
Device,package,speed:     xc3s1600e,fg320,-4 (PRODUCTION 1.27 2013-10-13)
Report level:             verbose report

Environment Variable      Effect 
--------------------      ------ 
NONE                      No environment variables were set
--------------------------------------------------------------------------------

INFO:Timing:2698 - No timing constraints found, doing default enumeration.
INFO:Timing:3412 - To improve timing, see the Timing Closure User Guide (UG612).
INFO:Timing:2752 - To get complete path coverage, use the unconstrained paths 
   option. All paths that are not constrained will be reported in the 
   unconstrained paths section(s) of the report.
INFO:Timing:3339 - The clock-to-out numbers in this timing report are based on 
   a 50 Ohm transmission line loading model.  For the details of this model, 
   and for more information on accounting for different loading conditions, 
   please see the device datasheet.
INFO:Timing:3390 - This architecture does not support a default System Jitter 
   value, please add SYSTEM_JITTER constraint to the UCF to modify the Clock 
   Uncertainty calculation.
INFO:Timing:3389 - This architecture does not support 'Discrete Jitter' and 
   'Phase Error' calculations, these terms will be zero in the Clock 
   Uncertainty calculation.  Please make appropriate modification to 
   SYSTEM_JITTER to account for the unsupported Discrete Jitter and Phase 
   Error.



Data Sheet report:
-----------------
All values displayed in nanoseconds (ns)

Pad to Pad
---------------+---------------+---------+
Source Pad     |Destination Pad|  Delay  |
---------------+---------------+---------+
A<0>           |Cout<0>        |    5.983|
A<0>           |Sum<0>         |    5.965|
A<1>           |Cout<1>        |    6.424|
A<1>           |Sum<1>         |    6.061|
A<2>           |Cout<2>        |    6.357|
A<2>           |Sum<2>         |    6.600|
A<3>           |Cout<3>        |    7.272|
A<3>           |Sum<3>         |    6.547|
B<0>           |Cout<0>        |    6.242|
B<0>           |Sum<0>         |    6.282|
B<1>           |Cout<1>        |    6.981|
B<1>           |Sum<1>         |    6.583|
B<2>           |Cout<2>        |    7.019|
B<2>           |Sum<2>         |    7.255|
B<3>           |Cout<3>        |    7.571|
B<3>           |Sum<3>         |    6.821|
---------------+---------------+---------+


Analysis completed Mon Apr 15 03:11:23 2024 
--------------------------------------------------------------------------------

Trace Settings:
-------------------------
Trace Settings 

Peak Memory Usage: 375 MB



